# JRE version: OpenJDK Runtime Environment (17.0.11) (build 17.0.11+0--11852314)
# Java VM: OpenJDK 64-Bit Server VM (17.0.11+0--11852314, mixed mode, tiered, compressed oops, compressed class ptrs, g1 gc, windows-amd64)
GC Precious Log:
 CPUs: 12 total, 12 available
 Memory: 7896M
 Large Page Support: Disabled
 NUMA Support: Disabled
 Compressed Oops: Enabled (32-bit)
 Heap Region Size: 1M
 Heap Min Capacity: 8M
 Heap Initial Capacity: 124M
 Heap Max Capacity: 2G
 Pre-touch: Disabled
 Parallel Workers: 10
 Concurrent Workers: 3
 Concurrent Refinement Workers: 10
 Periodic GC: Disabled
Heap:
 garbage-first heap   total 204800K, used 132560K [0x0000000080000000, 0x0000000100000000)
  region size 1024K, 1 young (1024K), 1 survivors (1024K)
 Metaspace       used 87243K, committed 88000K, reserved 1179648K
  class space    used 12081K, committed 12416K, reserved 1048576K
GC Heap History (20 events):
Event: 10.375 GC heap after
{Heap after GC invocations=29 (full 0):
 garbage-first heap   total 153600K, used 81472K [0x0000000080000000, 0x0000000100000000)
  region size 1024K, 1 young (1024K), 1 survivors (1024K)
 Metaspace       used 62095K, committed 62784K, reserved 1114112K
  class space    used 8488K, committed 8832K, reserved 1048576K
}
Event: 10.719 GC heap before
{Heap before GC invocations=29 (full 0):
 garbage-first heap   total 153600K, used 120384K [0x0000000080000000, 0x0000000100000000)
  region size 1024K, 40 young (40960K), 1 survivors (1024K)
 Metaspace       used 68179K, committed 68800K, reserved 1114112K
  class space    used 9750K, committed 10048K, reserved 1048576K
}
Event: 10.721 GC heap after
{Heap after GC invocations=30 (full 0):
 garbage-first heap   total 153600K, used 81947K [0x0000000080000000, 0x0000000100000000)
  region size 1024K, 2 young (2048K), 2 survivors (2048K)
 Metaspace       used 68179K, committed 68800K, reserved 1114112K
  class space    used 9750K, committed 10048K, reserved 1048576K
}
Event: 11.098 GC heap before
{Heap before GC invocations=31 (full 0):
 garbage-first heap   total 153600K, used 122907K [0x0000000080000000, 0x0000000100000000)
  region size 1024K, 42 young (43008K), 2 survivors (2048K)
 Metaspace       used 73531K, committed 74240K, reserved 1114112K
  class space    used 10465K, committed 10816K, reserved 1048576K
}
Event: 11.101 GC heap after
{Heap after GC invocations=32 (full 0):
 garbage-first heap   total 199680K, used 82876K [0x0000000080000000, 0x0000000100000000)
  region size 1024K, 3 young (3072K), 3 survivors (3072K)
 Metaspace       used 73531K, committed 74240K, reserved 1114112K
  class space    used 10465K, committed 10816K, reserved 1048576K
}
Event: 11.186 GC heap before
{Heap before GC invocations=32 (full 0):
 garbage-first heap   total 199680K, used 87996K [0x0000000080000000, 0x0000000100000000)
  region size 1024K, 9 young (9216K), 3 survivors (3072K)
 Metaspace       used 74428K, committed 75136K, reserved 1114112K
  class space    used 10559K, committed 10880K, reserved 1048576K
}
Event: 11.188 GC heap after
{Heap after GC invocations=33 (full 0):
 garbage-first heap   total 199680K, used 82520K [0x0000000080000000, 0x0000000100000000)
  region size 1024K, 2 young (2048K), 2 survivors (2048K)
 Metaspace       used 74428K, committed 75136K, reserved 1114112K
  class space    used 10559K, committed 10880K, reserved 1048576K
}
Event: 11.704 GC heap before
{Heap before GC invocations=33 (full 0):
 garbage-first heap   total 199680K, used 168536K [0x0000000080000000, 0x0000000100000000)
  region size 1024K, 77 young (78848K), 2 survivors (2048K)
 Metaspace       used 79862K, committed 80576K, reserved 1179648K
  class space    used 11236K, committed 11520K, reserved 1048576K
}
Event: 11.711 GC heap after
{Heap after GC invocations=34 (full 0):
 garbage-first heap   total 199680K, used 97491K [0x0000000080000000, 0x0000000100000000)
  region size 1024K, 10 young (10240K), 10 survivors (10240K)
 Metaspace       used 79862K, committed 80576K, reserved 1179648K
  class space    used 11236K, committed 11520K, reserved 1048576K
}
Event: 11.728 GC heap before
{Heap before GC invocations=34 (full 0):
 garbage-first heap   total 199680K, used 103635K [0x0000000080000000, 0x0000000100000000)
  region size 1024K, 17 young (17408K), 10 survivors (10240K)
 Metaspace       used 79864K, committed 80576K, reserved 1179648K
  class space    used 11236K, committed 11520K, reserved 1048576K
}
Event: 11.734 GC heap after
{Heap after GC invocations=35 (full 0):
 garbage-first heap   total 199680K, used 98026K [0x0000000080000000, 0x0000000100000000)
  region size 1024K, 3 young (3072K), 3 survivors (3072K)
 Metaspace       used 79864K, committed 80576K, reserved 1179648K
  class space    used 11236K, committed 11520K, reserved 1048576K
}
Event: 11.956 GC heap before
{Heap before GC invocations=36 (full 0):
 garbage-first heap   total 199680K, used 156394K [0x0000000080000000, 0x0000000100000000)
  region size 1024K, 53 young (54272K), 3 survivors (3072K)
 Metaspace       used 80034K, committed 80768K, reserved 1179648K
  class space    used 11263K, committed 11584K, reserved 1048576K
}
Event: 11.963 GC heap after
{Heap after GC invocations=37 (full 0):
 garbage-first heap   total 199680K, used 110592K [0x0000000080000000, 0x0000000100000000)
  region size 1024K, 7 young (7168K), 7 survivors (7168K)
 Metaspace       used 80034K, committed 80768K, reserved 1179648K
  class space    used 11263K, committed 11584K, reserved 1048576K
}
Event: 11.978 GC heap before
{Heap before GC invocations=37 (full 0):
 garbage-first heap   total 199680K, used 111616K [0x0000000080000000, 0x0000000100000000)
  region size 1024K, 9 young (9216K), 7 survivors (7168K)
 Metaspace       used 80156K, committed 80896K, reserved 1179648K
  class space    used 11280K, committed 11584K, reserved 1048576K
}
Event: 11.981 GC heap after
{Heap after GC invocations=38 (full 0):
 garbage-first heap   total 199680K, used 111769K [0x0000000080000000, 0x0000000100000000)
  region size 1024K, 1 young (1024K), 1 survivors (1024K)
 Metaspace       used 80156K, committed 80896K, reserved 1179648K
  class space    used 11280K, committed 11584K, reserved 1048576K
}
Event: 12.218 GC heap before
{Heap before GC invocations=38 (full 0):
 garbage-first heap   total 199680K, used 141465K [0x0000000080000000, 0x0000000100000000)
  region size 1024K, 31 young (31744K), 1 survivors (1024K)
 Metaspace       used 83996K, committed 84736K, reserved 1179648K
  class space    used 11743K, committed 12032K, reserved 1048576K
}
Event: 12.220 GC heap after
{Heap after GC invocations=39 (full 0):
 garbage-first heap   total 199680K, used 112340K [0x0000000080000000, 0x0000000100000000)
  region size 1024K, 2 young (2048K), 2 survivors (2048K)
 Metaspace       used 83996K, committed 84736K, reserved 1179648K
  class space    used 11743K, committed 12032K, reserved 1048576K
}
Event: 12.577 GC heap before
{Heap before GC invocations=40 (full 0):
 garbage-first heap   total 204800K, used 171732K [0x0000000080000000, 0x0000000100000000)
  region size 1024K, 44 young (45056K), 2 survivors (2048K)
 Metaspace       used 86800K, committed 87488K, reserved 1179648K
  class space    used 12043K, committed 12352K, reserved 1048576K
}
Event: 12.582 GC heap after
{Heap after GC invocations=41 (full 0):
 garbage-first heap   total 204800K, used 132727K [0x0000000080000000, 0x0000000100000000)
  region size 1024K, 6 young (6144K), 6 survivors (6144K)
 Metaspace       used 86800K, committed 87488K, reserved 1179648K
  class space    used 12043K, committed 12352K, reserved 1048576K
}
Event: 12.614 GC heap before
{Heap before GC invocations=41 (full 0):
 garbage-first heap   total 204800K, used 136823K [0x0000000080000000, 0x0000000100000000)
  region size 1024K, 10 young (10240K), 6 survivors (6144K)
 Metaspace       used 87243K, committed 88000K, reserved 1179648K
  class space    used 12081K, committed 12416K, reserved 1048576K
}

