# JRE version: OpenJDK Runtime Environment (17.0.11) (build 17.0.11+0--11852314)
# Java VM: OpenJDK 64-Bit Server VM (17.0.11+0--11852314, mixed mode, tiered, compressed oops, compressed class ptrs, g1 gc, windows-amd64)
GC Precious Log:
 CPUs: 12 total, 12 available
 Memory: 7896M
 Large Page Support: Disabled
 NUMA Support: Disabled
 Compressed Oops: Enabled (32-bit)
 Heap Region Size: 1M
 Heap Min Capacity: 8M
 Heap Initial Capacity: 124M
 Heap Max Capacity: 2G
 Pre-touch: Disabled
 Parallel Workers: 10
 Concurrent Workers: 3
 Concurrent Refinement Workers: 10
 Periodic GC: Disabled
Heap:
 garbage-first heap   total 386048K, used 157101K [0x0000000080000000, 0x0000000100000000)
  region size 1024K, 9 young (9216K), 9 survivors (9216K)
 Metaspace       used 158582K, committed 160768K, reserved 1245184K
  class space    used 21318K, committed 22400K, reserved 1048576K
GC Heap History (20 events):
Event: 7510.726 GC heap after
{Heap after GC invocations=176 (full 1):
 garbage-first heap   total 601088K, used 146794K [0x0000000080000000, 0x0000000100000000)
  region size 1024K, 15 young (15360K), 15 survivors (15360K)
 Metaspace       used 157154K, committed 159424K, reserved 1245184K
  class space    used 21158K, committed 22272K, reserved 1048576K
}
Event: 7511.076 GC heap before
{Heap before GC invocations=176 (full 1):
 garbage-first heap   total 601088K, used 160106K [0x0000000080000000, 0x0000000100000000)
  region size 1024K, 29 young (29696K), 15 survivors (15360K)
 Metaspace       used 157155K, committed 159424K, reserved 1245184K
  class space    used 21158K, committed 22272K, reserved 1048576K
}
Event: 7511.147 GC heap after
{Heap after GC invocations=177 (full 1):
 garbage-first heap   total 601088K, used 145209K [0x0000000080000000, 0x0000000100000000)
  region size 1024K, 3 young (3072K), 3 survivors (3072K)
 Metaspace       used 157155K, committed 159424K, reserved 1245184K
  class space    used 21158K, committed 22272K, reserved 1048576K
}
Event: 7518.876 GC heap before
{Heap before GC invocations=177 (full 1):
 garbage-first heap   total 601088K, used 201529K [0x0000000080000000, 0x0000000100000000)
  region size 1024K, 60 young (61440K), 3 survivors (3072K)
 Metaspace       used 157185K, committed 159424K, reserved 1245184K
  class space    used 21158K, committed 22272K, reserved 1048576K
}
Event: 7518.907 GC heap after
{Heap after GC invocations=178 (full 1):
 garbage-first heap   total 601088K, used 144494K [0x0000000080000000, 0x0000000100000000)
  region size 1024K, 3 young (3072K), 3 survivors (3072K)
 Metaspace       used 157185K, committed 159424K, reserved 1245184K
  class space    used 21158K, committed 22272K, reserved 1048576K
}
Event: 11120.486 GC heap before
{Heap before GC invocations=179 (full 1):
 garbage-first heap   total 601088K, used 481268K [0x0000000080000000, 0x0000000100000000)
  region size 1024K, 307 young (314368K), 3 survivors (3072K)
 Metaspace       used 158070K, committed 160192K, reserved 1245184K
  class space    used 21290K, committed 22336K, reserved 1048576K
}
Event: 11121.958 GC heap after
{Heap after GC invocations=180 (full 2):
 garbage-first heap   total 386048K, used 110214K [0x0000000080000000, 0x0000000100000000)
  region size 1024K, 0 young (0K), 0 survivors (0K)
 Metaspace       used 158070K, committed 160192K, reserved 1245184K
  class space    used 21290K, committed 22336K, reserved 1048576K
}
Event: 11226.885 GC heap before
{Heap before GC invocations=180 (full 2):
 garbage-first heap   total 386048K, used 296582K [0x0000000080000000, 0x0000000100000000)
  region size 1024K, 184 young (188416K), 0 survivors (0K)
 Metaspace       used 158377K, committed 160576K, reserved 1245184K
  class space    used 21330K, committed 22400K, reserved 1048576K
}
Event: 11226.979 GC heap after
{Heap after GC invocations=181 (full 2):
 garbage-first heap   total 386048K, used 126509K [0x0000000080000000, 0x0000000100000000)
  region size 1024K, 16 young (16384K), 16 survivors (16384K)
 Metaspace       used 158377K, committed 160576K, reserved 1245184K
  class space    used 21330K, committed 22400K, reserved 1048576K
}
Event: 11228.741 GC heap before
{Heap before GC invocations=182 (full 2):
 garbage-first heap   total 386048K, used 300589K [0x0000000080000000, 0x0000000100000000)
  region size 1024K, 185 young (189440K), 16 survivors (16384K)
 Metaspace       used 158240K, committed 160576K, reserved 1245184K
  class space    used 21301K, committed 22400K, reserved 1048576K
}
Event: 11228.907 GC heap after
{Heap after GC invocations=183 (full 2):
 garbage-first heap   total 386048K, used 138169K [0x0000000080000000, 0x0000000100000000)
  region size 1024K, 12 young (12288K), 12 survivors (12288K)
 Metaspace       used 158240K, committed 160576K, reserved 1245184K
  class space    used 21301K, committed 22400K, reserved 1048576K
}
Event: 11228.943 GC heap before
{Heap before GC invocations=183 (full 2):
 garbage-first heap   total 386048K, used 144313K [0x0000000080000000, 0x0000000100000000)
  region size 1024K, 18 young (18432K), 12 survivors (12288K)
 Metaspace       used 158240K, committed 160576K, reserved 1245184K
  class space    used 21301K, committed 22400K, reserved 1048576K
}
Event: 11228.977 GC heap after
{Heap after GC invocations=184 (full 2):
 garbage-first heap   total 386048K, used 139446K [0x0000000080000000, 0x0000000100000000)
  region size 1024K, 2 young (2048K), 2 survivors (2048K)
 Metaspace       used 158240K, committed 160576K, reserved 1245184K
  class space    used 21301K, committed 22400K, reserved 1048576K
}
Event: 11229.389 GC heap before
{Heap before GC invocations=184 (full 2):
 garbage-first heap   total 386048K, used 217270K [0x0000000080000000, 0x0000000100000000)
  region size 1024K, 80 young (81920K), 2 survivors (2048K)
 Metaspace       used 158303K, committed 160576K, reserved 1245184K
  class space    used 21309K, committed 22400K, reserved 1048576K
}
Event: 11229.402 GC heap after
{Heap after GC invocations=185 (full 2):
 garbage-first heap   total 386048K, used 149213K [0x0000000080000000, 0x0000000100000000)
  region size 1024K, 12 young (12288K), 12 survivors (12288K)
 Metaspace       used 158303K, committed 160576K, reserved 1245184K
  class space    used 21309K, committed 22400K, reserved 1048576K
}
Event: 11374.396 GC heap before
{Heap before GC invocations=186 (full 2):
 garbage-first heap   total 386048K, used 334232K [0x0000000080000000, 0x0000000100000000)
  region size 1024K, 161 young (164864K), 12 survivors (12288K)
 Metaspace       used 158446K, committed 160640K, reserved 1245184K
  class space    used 21318K, committed 22400K, reserved 1048576K
}
Event: 11374.601 GC heap after
{Heap after GC invocations=187 (full 2):
 garbage-first heap   total 386048K, used 150401K [0x0000000080000000, 0x0000000100000000)
  region size 1024K, 11 young (11264K), 11 survivors (11264K)
 Metaspace       used 158446K, committed 160640K, reserved 1245184K
  class space    used 21318K, committed 22400K, reserved 1048576K
}
Event: 11375.304 GC heap before
{Heap before GC invocations=187 (full 2):
 garbage-first heap   total 386048K, used 157569K [0x0000000080000000, 0x0000000100000000)
  region size 1024K, 18 young (18432K), 11 survivors (11264K)
 Metaspace       used 158451K, committed 160640K, reserved 1245184K
  class space    used 21318K, committed 22400K, reserved 1048576K
}
Event: 11375.346 GC heap after
{Heap after GC invocations=188 (full 2):
 garbage-first heap   total 386048K, used 150470K [0x0000000080000000, 0x0000000100000000)
  region size 1024K, 2 young (2048K), 2 survivors (2048K)
 Metaspace       used 158451K, committed 160640K, reserved 1245184K
  class space    used 21318K, committed 22400K, reserved 1048576K
}
Event: 11382.684 GC heap before
{Heap before GC invocations=188 (full 2):
 garbage-first heap   total 386048K, used 305094K [0x0000000080000000, 0x0000000100000000)
  region size 1024K, 154 young (157696K), 2 survivors (2048K)
 Metaspace       used 158582K, committed 160768K, reserved 1245184K
  class space    used 21318K, committed 22400K, reserved 1048576K
}

